<?xml version="1.0" encoding="UTF-8"?>
<!-- Generated by org.testng.reporters.JUnitReportReporter -->
<testsuite skipped="0" hostname="DESKTOP-TH3UGC1" name="mavenPone.subone.AppiumTest" tests="2" failures="0" timestamp="2020-07-23T11:34:15 IST" time="0.004" errors="0">
  <testcase name="Appiumtwo" time="0.002" classname="mavenPone.subone.AppiumTest"/>
  <testcase name="Appiumeone" time="0.002" classname="mavenPone.subone.AppiumTest"/>
</testsuite> <!-- mavenPone.subone.AppiumTest -->
