<?xml version="1.0" encoding="UTF-8"?>
<!-- Generated by org.testng.reporters.JUnitReportReporter -->
<testsuite skipped="0" hostname="DESKTOP-TH3UGC1" name="mavenPone.subone.RestAPITest" tests="2" failures="0" timestamp="2020-07-23T11:34:15 IST" time="0.027" errors="0">
  <testcase name="interfacetwo" time="0.003" classname="mavenPone.subone.RestAPITest"/>
  <testcase name="interfaceone" time="0.024" classname="mavenPone.subone.RestAPITest"/>
</testsuite> <!-- mavenPone.subone.RestAPITest -->
