<?xml version="1.0" encoding="UTF-8"?>
<!-- Generated by org.testng.reporters.JUnitReportReporter -->
<testsuite skipped="0" hostname="DESKTOP-TH3UGC1" name="mavenPone.subone.SeleniumTest" tests="2" failures="0" timestamp="2020-07-23T11:34:15 IST" time="0.001" errors="0">
  <testcase name="Testtwo" time="0.000" classname="mavenPone.subone.SeleniumTest"/>
  <testcase name="Testone" time="0.001" classname="mavenPone.subone.SeleniumTest"/>
</testsuite> <!-- mavenPone.subone.SeleniumTest -->
