<?xml version="1.0" encoding="UTF-8"?>
<!-- Generated by org.testng.reporters.JUnitReportReporter -->
<testsuite skipped="0" hostname="DESKTOP-TH3UGC1" name="TestPackageTwo.NewClassone" tests="2" failures="0" timestamp="2020-07-18T12:29:12 IST" time="0.051" errors="0">
  <testcase name="Salesforcetwo" time="0.008" classname="TestPackageTwo.NewClassone"/>
  <system-out/>
  <testcase name="Salesforceone" time="0.043" classname="TestPackageTwo.NewClassone"/>
  <system-out/>
</testsuite> <!-- TestPackageTwo.NewClassone -->
