<?xml version="1.0" encoding="UTF-8"?>
<!-- Generated by org.testng.reporters.JUnitReportReporter -->
<testsuite skipped="1" hostname="DESKTOP-TH3UGC1" name="TestPackage.component2" tests="5" failures="0" timestamp="2020-07-22T10:30:11 IST" time="0.069" errors="0">
  <testcase name="C2Step3" time="0.014" classname="TestPackage.component2"/>
  <system-out/>
  <testcase name="C2Step3" time="0.021" classname="TestPackage.component2"/>
  <system-out/>
  <testcase name="C2Step3" time="0.002" classname="TestPackage.component2"/>
  <system-out/>
  <testcase name="C2Step2" time="0.032" classname="TestPackage.component2"/>
  <system-out/>
  <testcase name="C2Step1" classname="TestPackage.component2">
    <skipped/>
  </testcase> <!-- C2Step1 -->
  <system-out/>
</testsuite> <!-- TestPackage.component2 -->
