<?xml version="1.0" encoding="UTF-8"?>
<!-- Generated by org.testng.reporters.JUnitReportReporter -->
<testsuite skipped="0" hostname="DESKTOP-TH3UGC1" name="TestPackage.TwoTC" tests="2" failures="0" timestamp="2020-07-22T10:30:11 IST" time="0.015" errors="0">
  <testcase name="SecondClass" time="0.005" classname="TestPackage.TwoTC"/>
  <system-out/>
  <testcase name="FirstClass" time="0.010" classname="TestPackage.TwoTC"/>
  <system-out/>
</testsuite> <!-- TestPackage.TwoTC -->
