<?xml version="1.0" encoding="UTF-8"?>
<!-- Generated by org.testng.reporters.JUnitReportReporter -->
<testsuite skipped="0" hostname="DESKTOP-TH3UGC1" name="TestPackage.ThirdTest" tests="5" failures="0" timestamp="2020-07-22T10:30:11 IST" time="0.014" errors="0">
  <testcase name="FrontEndMambo" time="0.002" classname="TestPackage.ThirdTest"/>
  <system-out/>
  <testcase name="BackEndMambo" time="0.002" classname="TestPackage.ThirdTest"/>
  <system-out/>
  <testcase name="FrontEndSelfCare" time="0.003" classname="TestPackage.ThirdTest"/>
  <system-out/>
  <testcase name="BackEndCSM" time="0.004" classname="TestPackage.ThirdTest"/>
  <system-out/>
  <testcase name="FrontEndCSM" time="0.003" classname="TestPackage.ThirdTest"/>
  <system-out/>
</testsuite> <!-- TestPackage.ThirdTest -->
