<?xml version="1.0" encoding="UTF-8"?>
<!-- Generated by org.testng.reporters.JUnitReportReporter -->
<testsuite skipped="0" hostname="DESKTOP-TH3UGC1" name="TestPackage.FirstTestNG" tests="1" failures="0" timestamp="2020-07-22T10:30:11 IST" time="0.017" errors="0">
  <testcase name="methodone" time="0.017" classname="TestPackage.FirstTestNG"/>
  <system-out/>
</testsuite> <!-- TestPackage.FirstTestNG -->
