<?xml version="1.0" encoding="UTF-8"?>
<!-- Generated by org.testng.reporters.JUnitReportReporter -->
<testsuite skipped="0" hostname="DESKTOP-TH3UGC1" name="TestPackage.component3" tests="3" failures="0" timestamp="2020-07-22T10:30:11 IST" time="0.015" errors="0">
  <testcase name="C3Step2" time="0.004" classname="TestPackage.component3"/>
  <system-out/>
  <testcase name="C3Step1" time="0.006" classname="TestPackage.component3"/>
  <system-out/>
  <testcase name="C3Step3" time="0.005" classname="TestPackage.component3"/>
  <system-out/>
</testsuite> <!-- TestPackage.component3 -->
