<?xml version="1.0" encoding="UTF-8"?>
<!-- Generated by org.testng.reporters.JUnitReportReporter -->
<testsuite skipped="0" hostname="DESKTOP-TH3UGC1" name="EndtoEnd.FrameworkProject.AppTest" tests="1" failures="0" timestamp="2020-11-15T16:11:04 IST" time="0.007" errors="0">
  <testcase name="testApp" time="0.007" classname="EndtoEnd.FrameworkProject.AppTest"/>
  <system-out/>
</testsuite> <!-- EndtoEnd.FrameworkProject.AppTest -->
