<?xml version="1.0" encoding="UTF-8"?>
<!-- Generated by org.testng.reporters.JUnitReportReporter -->
<testsuite skipped="0" hostname="DESKTOP-TH3UGC1" name="Framework.First.FeaturedCourseTitle" tests="1" failures="0" timestamp="2020-09-12T10:01:14 IST" time="0.126" errors="0">
  <testcase name="freaturedcoursetitle" time="0.126" classname="Framework.First.FeaturedCourseTitle"/>
  <system-out/>
</testsuite> <!-- Framework.First.FeaturedCourseTitle -->
