<?xml version="1.0" encoding="UTF-8"?>
<!-- Generated by org.testng.reporters.JUnitReportReporter -->
<testsuite hostname="DESKTOP-TH3UGC1" name="Framework.revised.NavigationBar" tests="1" failures="0" timestamp="21 Sep 2020 11:05:32 GMT" time="15.327" errors="0">
  <testcase name="navigationbar" time="15.327" classname="Framework.revised.NavigationBar"/>
</testsuite> <!-- Framework.revised.NavigationBar -->
