<?xml version="1.0" encoding="UTF-8"?>
<!-- Generated by org.testng.reporters.JUnitReportReporter -->
<testsuite skipped="0" hostname="DESKTOP-TH3UGC1" name="mavenPone.sub_two.InitialDemo" tests="1" failures="0" timestamp="2020-07-28T16:43:22 IST" time="17.894" errors="0">
  <testcase name="FirstClass" time="17.894" classname="mavenPone.sub_two.InitialDemo"/>
  <system-out/>
</testsuite> <!-- mavenPone.sub_two.InitialDemo -->
