<?xml version="1.0" encoding="UTF-8"?>
<!-- Generated by org.testng.reporters.JUnitReportReporter -->
<testsuite skipped="0" hostname="DESKTOP-TH3UGC1" name="Framework.First.NavigationBar" tests="1" failures="0" timestamp="2020-09-01T15:33:30 IST" time="14.840" errors="0">
  <testcase name="navigationbar" time="14.840" classname="Framework.First.NavigationBar"/>
  <system-out/>
</testsuite> <!-- Framework.First.NavigationBar -->
