<?xml version="1.0" encoding="UTF-8"?>
<!-- Generated by org.testng.reporters.JUnitReportReporter -->
<testsuite skipped="0" hostname="DESKTOP-TH3UGC1" name="testRunner.testRunner" tests="2" failures="0" timestamp="2020-11-15T15:50:08 IST" time="48.514" errors="0">
  <testcase name="runScenario" time="25.562" classname="testRunner.testRunner"/>
  <system-out/>
  <testcase name="runScenario" time="22.952" classname="testRunner.testRunner"/>
  <system-out/>
</testsuite> <!-- testRunner.testRunner -->
