<?xml version="1.0" encoding="UTF-8"?>
<!-- Generated by org.testng.reporters.JUnitReportReporter -->
<testsuite skipped="0" hostname="DESKTOP-TH3UGC1" name="TestCases.Login" tests="1" failures="0" timestamp="2020-08-18T01:00:56 IST" time="49.927" errors="0">
  <testcase name="doLogin" time="49.927" classname="TestCases.Login"/>
  <system-out/>
</testsuite> <!-- TestCases.Login -->
