<?xml version="1.0" encoding="UTF-8"?>
<!-- Generated by org.testng.reporters.JUnitReportReporter -->
<testsuite skipped="0" hostname="DESKTOP-TH3UGC1" name="mavenPone.subone.AppiumTest" tests="1" failures="0" timestamp="2020-07-23T10:28:47 IST" time="0.033" errors="0">
  <testcase name="Appiumeone" time="0.033" classname="mavenPone.subone.AppiumTest"/>
  <system-out/>
</testsuite> <!-- mavenPone.subone.AppiumTest -->
