<?xml version="1.0" encoding="UTF-8"?>
<!-- Generated by org.testng.reporters.JUnitReportReporter -->
<testsuite hostname="DESKTOP-TH3UGC1" name="Framework.revised.HomePage" tests="3" failures="0" timestamp="18 Sep 2020 05:40:31 GMT" time="21.019" errors="0">
  <testcase name="basepagenavigation" time="6.837" classname="Framework.revised.HomePage"/>
  <testcase name="basepagenavigation" time="7.744" classname="Framework.revised.HomePage"/>
  <testcase name="basepagenavigation" time="6.438" classname="Framework.revised.HomePage"/>
</testsuite> <!-- Framework.revised.HomePage -->
