<?xml version="1.0" encoding="UTF-8"?>
<!-- Generated by org.testng.reporters.JUnitReportReporter -->
<testsuite hostname="DESKTOP-TH3UGC1" name="Framework.revised.NavigationBar" tests="1" failures="0" timestamp="17 Sep 2020 09:33:55 GMT" time="0.286" errors="0">
  <testcase name="navigationbar" time="0.286" classname="Framework.revised.NavigationBar"/>
</testsuite> <!-- Framework.revised.NavigationBar -->
