<?xml version="1.0" encoding="UTF-8"?>
<!-- Generated by org.testng.reporters.JUnitReportReporter -->
<testsuite hostname="DESKTOP-TH3UGC1" name="Framework.revised.FeaturedCourseTitle" tests="2" failures="0" timestamp="21 Sep 2020 11:32:51 GMT" time="0.918" errors="0">
  <testcase name="fcoursetitle" time="0.430" classname="Framework.revised.FeaturedCourseTitle"/>
  <testcase name="fcourseheader" time="0.488" classname="Framework.revised.FeaturedCourseTitle"/>
</testsuite> <!-- Framework.revised.FeaturedCourseTitle -->
